<?xml version="1.0" encoding="UTF-8"?>
<testsuite xmlns:xsi="http://www.w3.org/2001/XMLSchema-instance" xsi:noNamespaceSchemaLocation="https://maven.apache.org/surefire/maven-surefire-plugin/xsd/surefire-test-report-3.0.xsd" version="3.0" name="RecommendationServiceTest" time="0.001" tests="9" errors="0" skipped="0" failures="0">
  <properties>
[...]
</properties>
  <testcase name="testIsSummerAutumnSpringActivities" classname="RecommendationServiceTest" time="0.0"/>
  <testcase name="testRecommendActivityClientNotAllowed" classname="RecommendationServiceTest" time="0.0"/>
  <testcase name="testIsCulturalGastronomicActivities" classname="RecommendationServiceTest" time="0.0"/>
  <testcase name="testIsHikingOrClimbing" classname="RecommendationServiceTest" time="0.0"/>
  <testcase name="testIsBeachOrPoolActivities" classname="RecommendationServiceTest" time="0.0"/>
  <testcase name="testRecommendationServiceConstructor" classname="RecommendationServiceTest" time="0.0"/>
  <testcase name="testIsSkiing" classname="RecommendationServiceTest" time="0.0"/>
  <testcase name="testNoActivityMatch" classname="RecommendationServiceTest" time="0.001"/>
  <testcase name="testIsStayAtHome" classname="RecommendationServiceTest" time="0.0"/>
</testsuite>